<?xml version="1.0" encoding="UTF-8"?>
<!-- Generated by org.testng.reporters.JUnitReportReporter -->
<testsuite hostname="DESKTOP-PGQDMSG" failures="0" tests="1" name="com.inetBanking.testCases.TC_DeleteCustomerTest_005" time="42.368" errors="0" timestamp="2024-06-06T10:47:05 IST" skipped="0">
  <testcase classname="com.inetBanking.testCases.TC_DeleteCustomerTest_005" name="deleteCustomer" time="42.368"/>
</testsuite> <!-- com.inetBanking.testCases.TC_DeleteCustomerTest_005 -->
