<?xml version="1.0" encoding="UTF-8"?>
<!-- Generated by org.testng.reporters.JUnitReportReporter -->
<testsuite hostname="DESKTOP-PGQDMSG" failures="0" tests="1" name="com.inetBanking.testCases.TC_AddCustomerTest_003" time="35.023" errors="0" timestamp="2024-06-04T00:09:17 IST" skipped="0">
  <testcase classname="com.inetBanking.testCases.TC_AddCustomerTest_003" name="addNewCustomer" time="35.023"/>
</testsuite> <!-- com.inetBanking.testCases.TC_AddCustomerTest_003 -->
