<?xml version="1.0" encoding="UTF-8"?>
<!-- Generated by org.testng.reporters.JUnitReportReporter -->
<testsuite hostname="DESKTOP-PGQDMSG" failures="0" tests="1" name="com.inetBanking.testCases.TC_LoginTest_001" time="6.078" errors="0" timestamp="2024-06-04T00:11:35 IST" skipped="0">
  <testcase classname="com.inetBanking.testCases.TC_LoginTest_001" name="loginTest" time="6.078"/>
</testsuite> <!-- com.inetBanking.testCases.TC_LoginTest_001 -->
