<?xml version="1.0" encoding="UTF-8"?>
<!-- Generated by org.testng.reporters.JUnitReportReporter -->
<testsuite hostname="DESKTOP-PGQDMSG" failures="0" tests="1" name="com.inetBanking.testCases.TC_AddAccountTest_004" time="44.801" errors="0" timestamp="2024-06-06T10:28:57 IST" skipped="0">
  <testcase classname="com.inetBanking.testCases.TC_AddAccountTest_004" name="addNewAccount" time="44.801"/>
</testsuite> <!-- com.inetBanking.testCases.TC_AddAccountTest_004 -->
