<?xml version="1.0" encoding="UTF-8"?>
<!-- Generated by org.testng.reporters.JUnitReportReporter -->
<testsuite hostname="DESKTOP-PGQDMSG" failures="0" tests="1" name="com.inetBanking.testCases.TC_AddCustomerTest_003" time="56.107" errors="0" timestamp="2024-06-08T00:01:38 IST" skipped="0">
  <testcase classname="com.inetBanking.testCases.TC_AddCustomerTest_003" name="addNewCustomer" time="56.107"/>
</testsuite> <!-- com.inetBanking.testCases.TC_AddCustomerTest_003 -->
