<?xml version="1.0" encoding="UTF-8"?>
<!-- Generated by org.testng.reporters.JUnitReportReporter -->
<testsuite hostname="DESKTOP-PGQDMSG" failures="0" tests="1" name="com.inetBanking.testCases.TC_LoginTest_001" time="12.169" errors="0" timestamp="2024-06-08T00:01:37 IST" skipped="0">
  <testcase classname="com.inetBanking.testCases.TC_LoginTest_001" name="loginTest" time="12.169"/>
</testsuite> <!-- com.inetBanking.testCases.TC_LoginTest_001 -->
